<?xml version="1.0" encoding="UTF-8"?>
<!-- Generated by org.testng.reporters.JUnitReportReporter -->
<testsuite hostname="DESKTOP-KP0OG9U" failures="0" tests="4" name="com.TYSS.Practice.Practice_01" time="0.044" errors="0" timestamp="20 Jul 2022 08:36:56 GMT">
  <testcase classname="com.TYSS.Practice.Practice_01" name="test2" time="0.002"/>
  <testcase classname="com.TYSS.Practice.Practice_01" name="test1" time="0.008"/>
  <testcase classname="com.TYSS.Practice.Practice_01" name="test" time="0.026"/>
  <testcase classname="com.TYSS.Practice.Practice_01" name="test3" time="0.008"/>
</testsuite> <!-- com.TYSS.Practice.Practice_01 -->
